<?xml version="1.0" encoding="UTF-8"?>
<!-- Generated by org.testng.reporters.JUnitXMLReporter -->
<testsuite hostname="DESKTOP-D6RN497" ignored="0" name="Free CRM App Test Cases" tests="3" failures="0" timestamp="14 Mar 2018 08:03:20 GMT" time="35.555" errors="0">
  <testcase name="loginPageTitleTest" time="0.027" classname="com.crm.qa.testcases.LoginPageTest"/>
  <testcase name="crmLogoTest" time="0.053" classname="com.crm.qa.testcases.LoginPageTest"/>
  <testcase name="loginTest" time="8.149" classname="com.crm.qa.testcases.LoginPageTest"/>
</testsuite> <!-- Free CRM App Test Cases -->
