<?xml version="1.0" encoding="UTF-8"?>
<!-- Generated by org.testng.reporters.JUnitXMLReporter -->
<testsuite hostname="DESKTOP-D6RN497" ignored="0" name="Default test" tests="3" failures="0" timestamp="13 Mar 2018 19:05:54 GMT" time="39.139" errors="0">
  <testcase name="loginPageTitleTest" time="0.034" classname="com.crm.qa.testdata.LoginPageTest"/>
  <testcase name="crmLogoTest" time="0.08" classname="com.crm.qa.testdata.LoginPageTest"/>
  <testcase name="loginTest" time="9.427" classname="com.crm.qa.testdata.LoginPageTest"/>
</testsuite> <!-- Default test -->
