<?xml version="1.0" encoding="UTF-8"?>
<testng-results skipped="0" failed="0" ignored="0" total="3" passed="3">
  <reporter-output>
  </reporter-output>
  <suite name="FREE CRM Application Test Automation Test Suite" duration-ms="35555" started-at="2018-03-14T08:02:44Z" finished-at="2018-03-14T08:03:20Z">
    <groups>
    </groups>
    <test name="Free CRM App Test Cases" duration-ms="35555" started-at="2018-03-14T08:02:44Z" finished-at="2018-03-14T08:03:20Z">
      <class name="com.crm.qa.testcases.LoginPageTest">
        <test-method status="PASS" signature="setup()[pri:0, instance:com.crm.qa.testcases.LoginPageTest@239963d8]" name="setup" is-config="true" duration-ms="9455" started-at="2018-03-14T08:02:44Z" finished-at="2018-03-14T08:02:54Z">
          <reporter-output>
          </reporter-output>
        </test-method> <!-- setup -->
        <test-method status="PASS" signature="loginPageTitleTest()[pri:1, instance:com.crm.qa.testcases.LoginPageTest@239963d8]" name="loginPageTitleTest" duration-ms="27" started-at="2018-03-14T08:02:54Z" finished-at="2018-03-14T08:02:54Z">
          <reporter-output>
          </reporter-output>
        </test-method> <!-- loginPageTitleTest -->
        <test-method status="PASS" signature="tearDown()[pri:0, instance:com.crm.qa.testcases.LoginPageTest@239963d8]" name="tearDown" is-config="true" duration-ms="654" started-at="2018-03-14T08:02:54Z" finished-at="2018-03-14T08:02:54Z">
          <reporter-output>
          </reporter-output>
        </test-method> <!-- tearDown -->
        <test-method status="PASS" signature="setup()[pri:0, instance:com.crm.qa.testcases.LoginPageTest@239963d8]" name="setup" is-config="true" duration-ms="8023" started-at="2018-03-14T08:02:54Z" finished-at="2018-03-14T08:03:02Z">
          <reporter-output>
          </reporter-output>
        </test-method> <!-- setup -->
        <test-method status="PASS" signature="crmLogoTest()[pri:2, instance:com.crm.qa.testcases.LoginPageTest@239963d8]" name="crmLogoTest" duration-ms="53" started-at="2018-03-14T08:03:02Z" finished-at="2018-03-14T08:03:02Z">
          <reporter-output>
          </reporter-output>
        </test-method> <!-- crmLogoTest -->
        <test-method status="PASS" signature="tearDown()[pri:0, instance:com.crm.qa.testcases.LoginPageTest@239963d8]" name="tearDown" is-config="true" duration-ms="636" started-at="2018-03-14T08:03:02Z" finished-at="2018-03-14T08:03:03Z">
          <reporter-output>
          </reporter-output>
        </test-method> <!-- tearDown -->
        <test-method status="PASS" signature="setup()[pri:0, instance:com.crm.qa.testcases.LoginPageTest@239963d8]" name="setup" is-config="true" duration-ms="7855" started-at="2018-03-14T08:03:03Z" finished-at="2018-03-14T08:03:11Z">
          <reporter-output>
          </reporter-output>
        </test-method> <!-- setup -->
        <test-method status="PASS" signature="loginTest()[pri:3, instance:com.crm.qa.testcases.LoginPageTest@239963d8]" name="loginTest" duration-ms="8149" started-at="2018-03-14T08:03:11Z" finished-at="2018-03-14T08:03:19Z">
          <reporter-output>
          </reporter-output>
        </test-method> <!-- loginTest -->
        <test-method status="PASS" signature="tearDown()[pri:0, instance:com.crm.qa.testcases.LoginPageTest@239963d8]" name="tearDown" is-config="true" duration-ms="653" started-at="2018-03-14T08:03:19Z" finished-at="2018-03-14T08:03:20Z">
          <reporter-output>
          </reporter-output>
        </test-method> <!-- tearDown -->
      </class> <!-- com.crm.qa.testcases.LoginPageTest -->
    </test> <!-- Free CRM App Test Cases -->
  </suite> <!-- FREE CRM Application Test Automation Test Suite -->
</testng-results>
